25/03/2020 17:37:42link_log Open the webbrowser
25/03/2020 17:37:42link_log ------------------------------------------------------------------------
25/03/2020 17:37:44link_log Enter the url: http://www.optis.co.in/
25/03/2020 17:37:53link_log Clicking on the ContactUs 
25/03/2020 17:37:56link_log Address= #56/A,2nd Floor,18th Main, Sector 3,HSR Layout, Bangalore, Karnataka 560102.
25/03/2020 17:37:56link_log ------------------------------------------------------------------------
25/03/2020 17:37:56link_log Enter the URL: https://www.geeksforgeeks.org/
25/03/2020 17:38:14link_log FaceBook Link for GeeksForGeeks: https://www.facebook.com/geeksforgeeks.org/
25/03/2020 17:38:14link_log Instagram Link for GeeksForGeeks: https://www.instagram.com/geeks_for_geeks/
25/03/2020 17:38:14link_log LinkedIn Link for GeeksForGeeks: https://in.linkedin.com/company/geeksforgeeks
25/03/2020 17:38:14link_log Twitter Link for GeeksForGeeks: https://twitter.com/geeksforgeeks
25/03/2020 17:38:15link_log Youtube Link for GeeksForGeeks: https://www.youtube.com/geeksforgeeksvideos
25/03/2020 17:38:15link_log GoogleStore Link for GeeksForGeeks: https://play.google.com/store/apps/details?id=free.programming.programming&hl=en
25/03/2020 17:38:15link_log ------------------------------------------------------------------------
25/03/2020 17:38:15link_log Enter the URL: https://www.tutorialspoint.com/index.htm
25/03/2020 17:38:35link_log FaceBook Link for TutorialsPoint: https://www.facebook.com/tutorialspointindia
25/03/2020 17:38:35link_log Google+ link for TutorialsPoint: https://plus.google.com/u/0/+tutorialspoint
25/03/2020 17:38:35link_log Twitter Link for TutorialsPoint: http://www.twitter.com/tutorialspoint
25/03/2020 17:38:35link_log LinkedIn link for TutorialsPoint: http://www.linkedin.com/company/tutorialspoint
25/03/2020 17:38:35link_log Youtube Link for GeeksForGeeks: https://www.youtube.com/channel/UCVLbzhxVTiTLiVKeGV7WEBg
25/03/2020 17:38:35link_log ------------------------------------------------------------------------
25/03/2020 17:38:35link_log Close the browser
